activememory\base.int                                   Fri Oct 25 14:50:28 2024
ID=     1 QSPINROT=         1.0000 MIN, MAX QN=   0  40
MIN.LOG.STR=   -10.000 MIN.LOG.STR(FRQ/300GHZ)**2=   -10.000 MAX FREQ       40.0 GHZ, TEMP=     5.00
     1 	1  19.0000 / x dipole moment
     2 	2  1.4000 / y dipole moment
     3 	3  0.0000 / z dipole moment
.VAR FILE TITLE :test                                                  Wed Oct 23 14:31:43 2024
                              PARAMETERS - A.PRIORI ERROR 
     1      1         10000  3.1560000000000E+003   1.000000E+000 A
     2      2         20000  9.8000000000000E+002   1.000000E+000 B
     3      3         30000  7.2400000000000E+002   1.000000E+000 C
3 parameters read, 3 independent parameters
IQNFMT = 303
ENERGY SORT OF WANG SUB-BLOCKS
PROLATE ROTOR
    V KMIN KMAX WTPL WTMN ESYMWT NSYM SPINS
    0    0   40    1    1     99    2
BLOCK - WT - SYM - V - TSP - N  -  other quanta  (rel. to F=0 )
    1    1    x    0    0
    2    1    c    0    0
    3    1    b    0    0
    4    1    a    0    0
Maximum Dimension for Hamiltonian = 21
INITIAL Q =         1.0000, NEW Q IS RELATIVE TO MIN.EGY.=         0.0000
 NUMBER OF LINES =   3481
TEMPERATURE - Q(SPIN-ROT.) - log Q(SPIN-ROT.)
    300.000     71695.9228    4.8555
    225.000     66367.4770    4.8220
    150.000     57288.9638    4.7581
     75.000     38746.6251    4.5882
     37.500     20870.1382    4.3195
     18.750      8848.3533    3.9469
      9.375      3234.3884    3.5098
      5.000      1262.4754    3.1012
